<?xml version="1.0" encoding="UTF-8"?>
<testng-results ignored="2" total="3" passed="1" failed="0" skipped="0">
  <reporter-output>
  </reporter-output>
  <suite started-at="2022-07-11T07:20:49Z" name="Default suite" finished-at="2022-07-11T07:20:56Z" duration-ms="6684">
    <groups>
    </groups>
    <test started-at="2022-07-11T07:20:49Z" name="Default test" finished-at="2022-07-11T07:20:56Z" duration-ms="6684">
      <class name="com.crm.qa.testcases.LoginPageTest">
        <test-method is-config="true" signature="setUp()[pri:0, instance:com.crm.qa.testcases.LoginPageTest@39a2bb97]" started-at="2022-07-11T12:50:49Z" name="setUp" finished-at="2022-07-11T12:50:55Z" duration-ms="5723" status="PASS">
          <reporter-output>
          </reporter-output>
        </test-method> <!-- setUp -->
        <test-method signature="crmLogoImageTest()[pri:2, instance:com.crm.qa.testcases.LoginPageTest@39a2bb97]" started-at="2022-07-11T12:50:55Z" name="crmLogoImageTest" finished-at="2022-07-11T12:50:55Z" duration-ms="132" status="PASS">
          <reporter-output>
          </reporter-output>
        </test-method> <!-- crmLogoImageTest -->
        <test-method is-config="true" signature="tearDown()[pri:0, instance:com.crm.qa.testcases.LoginPageTest@39a2bb97]" started-at="2022-07-11T12:50:55Z" name="tearDown" finished-at="2022-07-11T12:50:56Z" duration-ms="804" status="PASS">
          <reporter-output>
          </reporter-output>
        </test-method> <!-- tearDown -->
      </class> <!-- com.crm.qa.testcases.LoginPageTest -->
    </test> <!-- Default test -->
  </suite> <!-- Default suite -->
</testng-results>
